<?xml version="1.0" encoding="UTF-8"?>
<!-- Generated by org.testng.reporters.JUnitReportReporter -->
<testsuite skipped="0" hostname="zhangyin-PC" name="CRM.TestDaiHuaiZhang" tests="1" failures="0" timestamp="09 一月 2020 03:19:30 GMT" time="39.585" errors="0">
  <testcase name="checkDaiHuaiZhang" time="39.585" classname="CRM.TestDaiHuaiZhang"/>
</testsuite> <!-- CRM.TestDaiHuaiZhang -->
