<?xml version="1.0" encoding="UTF-8"?>
<!-- Generated by org.testng.reporters.JUnitReportReporter -->
<testsuite skipped="0" hostname="zhangyin-PC" name="ceshi.testngceshi" tests="1" failures="0" timestamp="02 一月 2020 11:26:42 GMT" time="68.503" errors="0">
  <testcase name="Open" time="68.503" classname="ceshi.testngceshi"/>
</testsuite> <!-- ceshi.testngceshi -->
