<?xml version="1.0" encoding="UTF-8"?>
<!-- Generated by org.testng.reporters.JUnitReportReporter -->
<testsuite skipped="0" hostname="zhangyin-PC" name="ceshi.TestdengluWithPOM" tests="1" failures="0" timestamp="04 一月 2020 05:02:53 GMT" time="13.942" errors="0">
  <testcase name="testlogin" time="13.942" classname="ceshi.TestdengluWithPOM"/>
</testsuite> <!-- ceshi.TestdengluWithPOMithPOM -->
