<?xml version="1.0" encoding="UTF-8"?>
<!-- Generated by org.testng.reporters.JUnitReportReporter -->
<testsuite skipped="0" hostname="zhangyin-PC" name="ceshi.TestdengluWithPOM" tests="1" failures="0" timestamp="04 一月 2020 09:03:03 GMT" time="10.286" errors="0">
  <testcase name="testlogin" time="10.286" classname="ceshi.TestdengluWithPOM"/>
</testsuite> <!-- ceshi.TestdengluWithPOM -->
